<?xml version="1.0" encoding="UTF-8"?>
<Site BuildName="(empty)"
	BuildStamp="20230710-2141-Experimental"
	Name="JUBOX"
	Generator="ctest-3.22.1"
	CompilerName="/usr/bin/g++"
	CompilerVersion="11.3.0"
	OSName="Linux"
	Hostname="JUBOX"
	OSRelease="5.19.0-46-generic"
	OSVersion="#47~22.04.1-Ubuntu SMP PREEMPT_DYNAMIC Wed Jun 21 15:35:31 UTC 2"
	OSPlatform="x86_64"
	Is64Bits="1"
	VendorString="AuthenticAMD"
	VendorID="Advanced Micro Devices"
	FamilyID="23"
	ModelID="113"
	ProcessorCacheSize="512"
	NumberOfLogicalCPU="16"
	NumberOfPhysicalCPU="8"
	TotalVirtualMemory="0"
	TotalPhysicalMemory="32002"
	LogicalProcessorsPerPhysical="2"
	ProcessorClockFrequency="4257.28"
	>
	<Testing>
		<StartDateTime>Jul 10 23:41 CEST</StartDateTime>
		<StartTestTime>1689025267</StartTestTime>
		<TestList/>
		<EndDateTime>Jul 10 23:41 CEST</EndDateTime>
		<EndTestTime>1689025267</EndTestTime>
		<ElapsedMinutes>0</ElapsedMinutes>
	</Testing>
</Site>
